{
  "stats": {
    "suites": 1,
    "tests": 1,
    "passes": 1,
    "pending": 0,
    "failures": 0,
    "start": "2023-07-11T12:58:43.093Z",
    "end": "2023-07-11T12:58:53.687Z",
    "duration": 10594,
    "testsRegistered": 1,
    "passPercent": 100,
    "pendingPercent": 0,
    "other": 0,
    "hasOther": false,
    "skipped": 0,
    "hasSkipped": false
  },
  "results": [
    {
      "uuid": "e036e1b7-5d75-4ead-abe2-cbf6a7d3148b",
      "title": "",
      "fullFile": "cypress\\e2e\\login.cy.js",
      "file": "cypress\\e2e\\login.cy.js",
      "beforeHooks": [],
      "afterHooks": [],
      "tests": [],
      "suites": [
        {
          "uuid": "a6c65ca4-7a8b-4582-a8a0-6c65c6bfb484",
          "title": "Tests Login flow",
          "fullFile": "",
          "file": "",
          "beforeHooks": [],
          "afterHooks": [],
          "tests": [
            {
              "title": "Should login user",
              "fullTitle": "Tests Login flow Should login user",
              "timedOut": null,
              "duration": 10105,
              "state": "passed",
              "speed": "slow",
              "pass": true,
              "fail": false,
              "pending": false,
              "context": null,
              "code": "cy.visit('/login');\ncy.get('[formcontrolname=\"email\"]').type(_constants.USERNAME);\ncy.get('[formcontrolname=\"password\"]').type(_constants.PASSWORD);\ncy.get('[type=\"submit\"]').click();\ncy.url().should('include', 'admin');",
              "err": {},
              "uuid": "297f97da-34ec-4463-ad6a-1df528a491ba",
              "parentUUID": "a6c65ca4-7a8b-4582-a8a0-6c65c6bfb484",
              "isHook": false,
              "skipped": false
            }
          ],
          "suites": [],
          "passes": [
            "297f97da-34ec-4463-ad6a-1df528a491ba"
          ],
          "failures": [],
          "pending": [],
          "skipped": [],
          "duration": 10105,
          "root": false,
          "rootEmpty": false,
          "_timeout": 2000
        }
      ],
      "passes": [],
      "failures": [],
      "pending": [],
      "skipped": [],
      "duration": 0,
      "root": true,
      "rootEmpty": true,
      "_timeout": 2000
    }
  ],
  "meta": {
    "mocha": {
      "version": "7.0.1"
    },
    "mochawesome": {
      "options": {
        "quiet": false,
        "reportFilename": "mochawesome",
        "saveHtml": false,
        "saveJson": true,
        "consoleReporter": "spec",
        "useInlineDiffs": false,
        "code": true
      },
      "version": "7.1.3"
    },
    "marge": {
      "options": {
        "overwrite": false,
        "html": false,
        "json": true
      },
      "version": "6.2.0"
    }
  }
}